Using pre-set license
Built from '2020.3/staging' branch; Version is '2020.3.0f1 (c7b5465681fb) revision 13088070'; Using compiler version '192528614'; Build Type 'Release'
OS: 'Windows 10 Pro; OS build 18363.1440; Version 1909; 64bit' Language: 'en' Physical Memory: 8111 MB
BatchMode: 1, IsHumanControllingUs: 0, StartBugReporterOnCrash: 0, Is64bit: 1, IsPro: 0

 COMMAND LINE ARGUMENTS:
C:\Program Files\Unity\Hub\Editor\2020.3.0f1\Editor\Unity.exe
-adb2
-batchMode
-noUpm
-name
AssetImportWorker0
-projectPath
C:/Users/AI/Desktop/GameDevelopment/3D/ParkourGame
-logFile
Logs/AssetImportWorker0.log
-srvPort
57091
Successfully changed project path to: C:/Users/AI/Desktop/GameDevelopment/3D/ParkourGame
C:/Users/AI/Desktop/GameDevelopment/3D/ParkourGame
Using Asset Import Pipeline V2.
Refreshing native plugins compatible for Editor in 36.90 ms, found 0 plugins.
Preloading 0 native plugins for Editor in 0.00 ms.
Initialize engine version: 2020.3.0f1 (c7b5465681fb)
[Subsystems] Discovering subsystems at path C:/Program Files/Unity/Hub/Editor/2020.3.0f1/Editor/Data/Resources/UnitySubsystems
[Subsystems] Discovering subsystems at path C:/Users/AI/Desktop/GameDevelopment/3D/ParkourGame/Assets
GfxDevice: creating device client; threaded=0
Direct3D:
    Version:  Direct3D 11.0 [level 11.0]
    Renderer: NVIDIA GeForce 920M (ID=0x1299)
    Vendor:   
    VRAM:     2009 MB
    Driver:   25.21.14.2600
Initialize mono
Mono path[0] = 'C:/Program Files/Unity/Hub/Editor/2020.3.0f1/Editor/Data/Managed'
Mono path[1] = 'C:/Program Files/Unity/Hub/Editor/2020.3.0f1/Editor/Data/MonoBleedingEdge/lib/mono/unityjit'
Mono config path = 'C:/Program Files/Unity/Hub/Editor/2020.3.0f1/Editor/Data/MonoBleedingEdge/etc'
Using monoOptions --debugger-agent=transport=dt_socket,embedding=1,server=y,suspend=n,address=127.0.0.1:56768
Begin MonoManager ReloadAssembly
Registering precompiled unity dll's ...
Register platform support module: C:/Program Files/Unity/Hub/Editor/2020.3.0f1/Editor/Data/PlaybackEngines/WebGLSupport/UnityEditor.WebGL.Extensions.dll
Register platform support module: C:/Program Files/Unity/Hub/Editor/2020.3.0f1/Editor/Data/PlaybackEngines/WindowsStandaloneSupport/UnityEditor.WindowsStandalone.Extensions.dll
Registered in 0.255287 seconds.
Native extension for WindowsStandalone target not found
Native extension for WebGL target not found
Refreshing native plugins compatible for Editor in 36.80 ms, found 0 plugins.
Preloading 0 native plugins for Editor in 0.00 ms.
Invoked RoslynAnalysisRunner static constructor.
RoslynAnalysisRunner will not be running.
RoslynAnalysisRunner has terminated.
Mono: successfully reloaded assembly
- Completed reload, in  7.635 seconds
Platform modules already initialized, skipping
Registering precompiled user dll's ...
Registered in 0.060408 seconds.
Begin MonoManager ReloadAssembly
Native extension for WindowsStandalone target not found
Native extension for WebGL target not found
Refreshing native plugins compatible for Editor in 0.30 ms, found 0 plugins.
Preloading 0 native plugins for Editor in 0.00 ms.
Invoked RoslynAnalysisRunner static constructor.
RoslynAnalysisRunner will not be running.
RoslynAnalysisRunner has terminated.
Mono: successfully reloaded assembly
- Completed reload, in  2.681 seconds
Platform modules already initialized, skipping
========================================================================
Worker process is ready to serve import requests
Launched and connected shader compiler UnityShaderCompiler.exe after 0.15 seconds
Refreshing native plugins compatible for Editor in 0.35 ms, found 0 plugins.
Preloading 0 native plugins for Editor in 0.00 ms.
Unloading 1115 Unused Serialized files (Serialized files now loaded: 0)
System memory in use before: 57.1 MB.
System memory in use after: 57.2 MB.

Unloading 10 unused Assets to reduce memory usage. Loaded Objects now: 1560.
Total: 2.579000 ms (FindLiveObjects: 0.198700 ms CreateObjectMapping: 0.099400 ms MarkObjects: 2.172000 ms  DeleteObjects: 0.107900 ms)

========================================================================
Received Import Request.
  path: Assets/Material/New Material 1.mat
  artifactKey: Guid(00e7ce6f20139c145b7503cc3d710d15) Importer(815301076,1909f56bfc062723c751e8b465ee728b)
Start importing Assets/Material/New Material 1.mat using Guid(00e7ce6f20139c145b7503cc3d710d15) Importer(815301076,1909f56bfc062723c751e8b465ee728b)  -> (artifact id: 'f5a954e8bd5e5abeb835d775275351e8') in 0.372219 seconds
  Import took 0.377143 seconds .

========================================================================
Received Import Request.
  Time since last request: 251.389496 seconds.
  path: Assets/Image/door.jpg
  artifactKey: Guid(50d06bcb90ab04342a8ca176d32ec447) Importer(815301076,1909f56bfc062723c751e8b465ee728b)
Start importing Assets/Image/door.jpg using Guid(50d06bcb90ab04342a8ca176d32ec447) Importer(815301076,1909f56bfc062723c751e8b465ee728b)  -> (artifact id: 'a9a5a4e139f09b2a03f61208466e8f67') in 0.063498 seconds
  Import took 0.068240 seconds .

========================================================================
Received Import Request.
  Time since last request: 7.095575 seconds.
  path: Assets/ARCADE - FREE Racing Car/Textures/Free_Car_Texture_Atlas.png
  artifactKey: Guid(8c508eea1762dd44cbf66593e03a6b04) Importer(815301076,1909f56bfc062723c751e8b465ee728b)
Start importing Assets/ARCADE - FREE Racing Car/Textures/Free_Car_Texture_Atlas.png using Guid(8c508eea1762dd44cbf66593e03a6b04) Importer(815301076,1909f56bfc062723c751e8b465ee728b)  -> (artifact id: 'de551d6214a326b18afb48b56a9db246') in 0.038056 seconds
  Import took 0.042331 seconds .

========================================================================
Received Import Request.
  Time since last request: 45.770775 seconds.
  path: ProjectSettings/TagManager.asset
  artifactKey: Guid(00000000000000003000000000000000) Importer(815301076,1909f56bfc062723c751e8b465ee728b)
Start importing ProjectSettings/TagManager.asset using Guid(00000000000000003000000000000000) Importer(815301076,1909f56bfc062723c751e8b465ee728b)  -> (artifact id: 'e58c32c74971579209c983feef23e212') in 0.017232 seconds
  Import took 0.021899 seconds .

========================================================================
Received Import Request.
  Time since last request: 105.561860 seconds.
  path: Assets/Scripts/Reload.cs
  artifactKey: Guid(e0173c8c1c20d164abb85c43e28f5008) Importer(815301076,1909f56bfc062723c751e8b465ee728b)
Start importing Assets/Scripts/Reload.cs using Guid(e0173c8c1c20d164abb85c43e28f5008) Importer(815301076,1909f56bfc062723c751e8b465ee728b)  -> (artifact id: '2d091b6c41fdd585330ffab5da330a9e') in 0.019914 seconds
  Import took 0.023271 seconds .

========================================================================
Received Import Request.
  Time since last request: 180.754450 seconds.
  path: Assets/Scripts/Reload.cs
  artifactKey: Guid(e0173c8c1c20d164abb85c43e28f5008) Importer(815301076,1909f56bfc062723c751e8b465ee728b)
Start importing Assets/Scripts/Reload.cs using Guid(e0173c8c1c20d164abb85c43e28f5008) Importer(815301076,1909f56bfc062723c751e8b465ee728b)  -> (artifact id: '44b88b02a30db069d4f463defb8878e0') in 0.007040 seconds
  Import took 0.012641 seconds .

========================================================================
Received Import Request.
  Time since last request: 99.088240 seconds.
  path: Assets/Scenes/SampleScene.unity
  artifactKey: Guid(9fc0d4010bbf28b4594072e72b8655ab) Importer(815301076,1909f56bfc062723c751e8b465ee728b)
Start importing Assets/Scenes/SampleScene.unity using Guid(9fc0d4010bbf28b4594072e72b8655ab) Importer(815301076,1909f56bfc062723c751e8b465ee728b)  -> (artifact id: '3500dcdf8470df2dbe939b55889faba9') in 0.014091 seconds
  Import took 0.018677 seconds .

========================================================================
Received Import Request.
  Time since last request: 11.681558 seconds.
  path: Assets/Scenes/Scene1.unity
  artifactKey: Guid(9fc0d4010bbf28b4594072e72b8655ab) Importer(815301076,1909f56bfc062723c751e8b465ee728b)
Start importing Assets/Scenes/Scene1.unity using Guid(9fc0d4010bbf28b4594072e72b8655ab) Importer(815301076,1909f56bfc062723c751e8b465ee728b)  -> (artifact id: 'c70d97eb6e8da2f1bdcaea1c74c72112') in 0.012027 seconds
  Import took 0.016480 seconds .

========================================================================
Received Import Request.
  Time since last request: 17.760372 seconds.
  path: Assets/Scenes
  artifactKey: Guid(9f270d5e839b07c4e85a17e11c6d4407) Importer(815301076,1909f56bfc062723c751e8b465ee728b)
Start importing Assets/Scenes using Guid(9f270d5e839b07c4e85a17e11c6d4407) Importer(815301076,1909f56bfc062723c751e8b465ee728b)  -> (artifact id: '59f53b94e590601f2c261af45452740c') in 0.013933 seconds
  Import took 0.019212 seconds .

========================================================================
Received Import Request.
  Time since last request: 11.672481 seconds.
  path: Assets/Scenes/Scene2.unity
  artifactKey: Guid(1a601826f0e0bc640a7264d84b75bb09) Importer(815301076,1909f56bfc062723c751e8b465ee728b)
Start importing Assets/Scenes/Scene2.unity using Guid(1a601826f0e0bc640a7264d84b75bb09) Importer(815301076,1909f56bfc062723c751e8b465ee728b)  -> (artifact id: 'bd25a5699105aedafc9c76a17926bce4') in 0.012575 seconds
  Import took 0.016390 seconds .

========================================================================
Received Import Request.
  Time since last request: 45.365321 seconds.
  path: Assets/Material/Door.mat
  artifactKey: Guid(00e7ce6f20139c145b7503cc3d710d15) Importer(815301076,1909f56bfc062723c751e8b465ee728b)
Start importing Assets/Material/Door.mat using Guid(00e7ce6f20139c145b7503cc3d710d15) Importer(815301076,1909f56bfc062723c751e8b465ee728b)  -> (artifact id: '082b8598254ef03a850d549a58a20022') in 0.054992 seconds
  Import took 0.059062 seconds .

========================================================================
Received Import Request.
  Time since last request: 37.937221 seconds.
  path: Assets/Scenes/Scene1.unity
  artifactKey: Guid(9fc0d4010bbf28b4594072e72b8655ab) Importer(815301076,1909f56bfc062723c751e8b465ee728b)
Start importing Assets/Scenes/Scene1.unity using Guid(9fc0d4010bbf28b4594072e72b8655ab) Importer(815301076,1909f56bfc062723c751e8b465ee728b)  -> (artifact id: 'c870a8dda84d2d22ccbe41ad7e4439cf') in 0.006314 seconds
  Import took 0.009938 seconds .

========================================================================
Received Prepare
Registering precompiled user dll's ...
Registered in 0.001047 seconds.
Begin MonoManager ReloadAssembly
Native extension for WindowsStandalone target not found
Native extension for WebGL target not found
Refreshing native plugins compatible for Editor in 0.31 ms, found 0 plugins.
Preloading 0 native plugins for Editor in 0.00 ms.
Invoked RoslynAnalysisRunner static constructor.
RoslynAnalysisRunner will not be running.
RoslynAnalysisRunner has terminated.
Mono: successfully reloaded assembly
- Completed reload, in  1.217 seconds
Platform modules already initialized, skipping
Refreshing native plugins compatible for Editor in 0.31 ms, found 0 plugins.
Preloading 0 native plugins for Editor in 0.00 ms.
Unloading 1110 Unused Serialized files (Serialized files now loaded: 0)
System memory in use before: 60.4 MB.
System memory in use after: 60.5 MB.

Unloading 6 unused Assets to reduce memory usage. Loaded Objects now: 1605.
Total: 2.891000 ms (FindLiveObjects: 0.198900 ms CreateObjectMapping: 0.087900 ms MarkObjects: 2.531400 ms  DeleteObjects: 0.071400 ms)

========================================================================
Received Prepare
Registering precompiled user dll's ...
Registered in 0.001052 seconds.
Begin MonoManager ReloadAssembly
Native extension for WindowsStandalone target not found
Native extension for WebGL target not found
Refreshing native plugins compatible for Editor in 0.30 ms, found 0 plugins.
Preloading 0 native plugins for Editor in 0.00 ms.
Invoked RoslynAnalysisRunner static constructor.
RoslynAnalysisRunner will not be running.
RoslynAnalysisRunner has terminated.
Mono: successfully reloaded assembly
- Completed reload, in  1.206 seconds
Platform modules already initialized, skipping
Refreshing native plugins compatible for Editor in 0.30 ms, found 0 plugins.
Preloading 0 native plugins for Editor in 0.00 ms.
Unloading 1110 Unused Serialized files (Serialized files now loaded: 0)
System memory in use before: 60.5 MB.
System memory in use after: 60.5 MB.

Unloading 5 unused Assets to reduce memory usage. Loaded Objects now: 1608.
Total: 2.678200 ms (FindLiveObjects: 0.185200 ms CreateObjectMapping: 0.063700 ms MarkObjects: 2.353900 ms  DeleteObjects: 0.073700 ms)

========================================================================
Received Prepare
Registering precompiled user dll's ...
Registered in 0.000980 seconds.
Begin MonoManager ReloadAssembly
Native extension for WindowsStandalone target not found
Native extension for WebGL target not found
Refreshing native plugins compatible for Editor in 0.32 ms, found 0 plugins.
Preloading 0 native plugins for Editor in 0.00 ms.
Invoked RoslynAnalysisRunner static constructor.
RoslynAnalysisRunner will not be running.
RoslynAnalysisRunner has terminated.
Mono: successfully reloaded assembly
- Completed reload, in  1.354 seconds
Platform modules already initialized, skipping
Refreshing native plugins compatible for Editor in 0.36 ms, found 0 plugins.
Preloading 0 native plugins for Editor in 0.00 ms.
Unloading 1110 Unused Serialized files (Serialized files now loaded: 0)
System memory in use before: 60.5 MB.
System memory in use after: 60.5 MB.

Unloading 5 unused Assets to reduce memory usage. Loaded Objects now: 1611.
Total: 2.506600 ms (FindLiveObjects: 0.201600 ms CreateObjectMapping: 0.059000 ms MarkObjects: 2.172900 ms  DeleteObjects: 0.071400 ms)

========================================================================
Received Import Request.
  Time since last request: 520.797038 seconds.
  path: Assets/Scripts/Reload.cs
  artifactKey: Guid(e0173c8c1c20d164abb85c43e28f5008) Importer(815301076,1909f56bfc062723c751e8b465ee728b)
Start importing Assets/Scripts/Reload.cs using Guid(e0173c8c1c20d164abb85c43e28f5008) Importer(815301076,1909f56bfc062723c751e8b465ee728b)  -> (artifact id: '220341351872f48cc1a4eeb3e1c48d51') in 0.009087 seconds
  Import took 0.013586 seconds .

========================================================================
Received Import Request.
  Time since last request: 136.993500 seconds.
  path: Assets/fonts
  artifactKey: Guid(6e3fc46c687fab742bc9681b2128e19d) Importer(815301076,1909f56bfc062723c751e8b465ee728b)
Start importing Assets/fonts using Guid(6e3fc46c687fab742bc9681b2128e19d) Importer(815301076,1909f56bfc062723c751e8b465ee728b)  -> (artifact id: 'dbed7b9a9c16c0ba4e5a12fb74f3fe48') in 0.011770 seconds
  Import took 0.015369 seconds .

========================================================================
Received Import Request.
  Time since last request: 50.719345 seconds.
  path: Assets/fonts/Armageda Wide.ttf
  artifactKey: Guid(6f4c6bc816a2a694ab35737d936003e8) Importer(815301076,1909f56bfc062723c751e8b465ee728b)
Start importing Assets/fonts/Armageda Wide.ttf using Guid(6f4c6bc816a2a694ab35737d936003e8) Importer(815301076,1909f56bfc062723c751e8b465ee728b)  -> (artifact id: '90610b0568a33eb0c4c6b533e852d999') in 0.129583 seconds
  Import took 0.133715 seconds .

========================================================================
Received Import Request.
  Time since last request: 0.003605 seconds.
  path: Assets/fonts/Armageda Wide.ttf
  artifactKey: Guid(6f4c6bc816a2a694ab35737d936003e8) Importer(815301076,1909f56bfc062723c751e8b465ee728b)
Start importing Assets/fonts/Armageda Wide.ttf using Guid(6f4c6bc816a2a694ab35737d936003e8) Importer(815301076,1909f56bfc062723c751e8b465ee728b)  -> (artifact id: '90610b0568a33eb0c4c6b533e852d999') in 0.020426 seconds
  Import took 0.024496 seconds .

========================================================================
Received Prepare
Registering precompiled user dll's ...
Registered in 0.001014 seconds.
Begin MonoManager ReloadAssembly
Native extension for WindowsStandalone target not found
Native extension for WebGL target not found
Refreshing native plugins compatible for Editor in 0.31 ms, found 0 plugins.
Preloading 0 native plugins for Editor in 0.00 ms.
Invoked RoslynAnalysisRunner static constructor.
RoslynAnalysisRunner will not be running.
RoslynAnalysisRunner has terminated.
Mono: successfully reloaded assembly
- Completed reload, in  1.251 seconds
Platform modules already initialized, skipping
Refreshing native plugins compatible for Editor in 0.32 ms, found 0 plugins.
Preloading 0 native plugins for Editor in 0.00 ms.
Unloading 1110 Unused Serialized files (Serialized files now loaded: 0)
System memory in use before: 60.7 MB.
System memory in use after: 60.7 MB.

Unloading 5 unused Assets to reduce memory usage. Loaded Objects now: 1619.
Total: 2.464900 ms (FindLiveObjects: 0.191900 ms CreateObjectMapping: 0.058600 ms MarkObjects: 2.133500 ms  DeleteObjects: 0.078900 ms)

========================================================================
Received Prepare
Registering precompiled user dll's ...
Registered in 0.000989 seconds.
Begin MonoManager ReloadAssembly
Native extension for WindowsStandalone target not found
Native extension for WebGL target not found
Refreshing native plugins compatible for Editor in 0.31 ms, found 0 plugins.
Preloading 0 native plugins for Editor in 0.00 ms.
Invoked RoslynAnalysisRunner static constructor.
RoslynAnalysisRunner will not be running.
RoslynAnalysisRunner has terminated.
Mono: successfully reloaded assembly
- Completed reload, in  1.221 seconds
Platform modules already initialized, skipping
Refreshing native plugins compatible for Editor in 0.30 ms, found 0 plugins.
Preloading 0 native plugins for Editor in 0.00 ms.
Unloading 1110 Unused Serialized files (Serialized files now loaded: 0)
System memory in use before: 60.7 MB.
System memory in use after: 60.7 MB.

Unloading 5 unused Assets to reduce memory usage. Loaded Objects now: 1622.
Total: 2.829700 ms (FindLiveObjects: 0.211800 ms CreateObjectMapping: 0.099900 ms MarkObjects: 2.438300 ms  DeleteObjects: 0.078100 ms)

========================================================================
Received Prepare
Registering precompiled user dll's ...
Registered in 0.001663 seconds.
Begin MonoManager ReloadAssembly
Native extension for WindowsStandalone target not found
Native extension for WebGL target not found
Refreshing native plugins compatible for Editor in 0.31 ms, found 0 plugins.
Preloading 0 native plugins for Editor in 0.00 ms.
Invoked RoslynAnalysisRunner static constructor.
RoslynAnalysisRunner will not be running.
RoslynAnalysisRunner has terminated.
Mono: successfully reloaded assembly
- Completed reload, in  1.227 seconds
Platform modules already initialized, skipping
Refreshing native plugins compatible for Editor in 0.31 ms, found 0 plugins.
Preloading 0 native plugins for Editor in 0.00 ms.
Unloading 1110 Unused Serialized files (Serialized files now loaded: 0)
System memory in use before: 60.7 MB.
System memory in use after: 60.8 MB.

Unloading 5 unused Assets to reduce memory usage. Loaded Objects now: 1625.
Total: 2.705200 ms (FindLiveObjects: 0.206800 ms CreateObjectMapping: 0.059400 ms MarkObjects: 2.366100 ms  DeleteObjects: 0.071400 ms)

========================================================================
Received Prepare
Registering precompiled user dll's ...
Registered in 0.002634 seconds.
Begin MonoManager ReloadAssembly
Native extension for WindowsStandalone target not found
Native extension for WebGL target not found
Refreshing native plugins compatible for Editor in 0.36 ms, found 0 plugins.
Preloading 0 native plugins for Editor in 0.00 ms.
Invoked RoslynAnalysisRunner static constructor.
RoslynAnalysisRunner will not be running.
RoslynAnalysisRunner has terminated.
Mono: successfully reloaded assembly
- Completed reload, in  1.390 seconds
Platform modules already initialized, skipping
Refreshing native plugins compatible for Editor in 0.31 ms, found 0 plugins.
Preloading 0 native plugins for Editor in 0.00 ms.
Unloading 1110 Unused Serialized files (Serialized files now loaded: 0)
System memory in use before: 60.7 MB.
System memory in use after: 60.8 MB.

Unloading 5 unused Assets to reduce memory usage. Loaded Objects now: 1628.
Total: 2.441100 ms (FindLiveObjects: 0.204300 ms CreateObjectMapping: 0.057400 ms MarkObjects: 2.104600 ms  DeleteObjects: 0.073000 ms)

========================================================================
Received Prepare
Registering precompiled user dll's ...
Registered in 0.001785 seconds.
Begin MonoManager ReloadAssembly
Native extension for WindowsStandalone target not found
Native extension for WebGL target not found
Refreshing native plugins compatible for Editor in 1.10 ms, found 0 plugins.
Preloading 0 native plugins for Editor in 0.00 ms.
Invoked RoslynAnalysisRunner static constructor.
RoslynAnalysisRunner will not be running.
RoslynAnalysisRunner has terminated.
Mono: successfully reloaded assembly
- Completed reload, in  1.423 seconds
Platform modules already initialized, skipping
Refreshing native plugins compatible for Editor in 0.30 ms, found 0 plugins.
Preloading 0 native plugins for Editor in 0.00 ms.
Unloading 1110 Unused Serialized files (Serialized files now loaded: 0)
System memory in use before: 60.7 MB.
System memory in use after: 60.8 MB.

Unloading 5 unused Assets to reduce memory usage. Loaded Objects now: 1631.
Total: 2.430900 ms (FindLiveObjects: 0.209500 ms CreateObjectMapping: 0.058000 ms MarkObjects: 2.090200 ms  DeleteObjects: 0.071900 ms)

========================================================================
Received Import Request.
  Time since last request: 777.470953 seconds.
  path: Assets/Image/coin.jpg
  artifactKey: Guid(6290aab21890bbc499047a9ed51b4346) Importer(815301076,1909f56bfc062723c751e8b465ee728b)
Start importing Assets/Image/coin.jpg using Guid(6290aab21890bbc499047a9ed51b4346) Importer(815301076,1909f56bfc062723c751e8b465ee728b)  -> (artifact id: 'f8ad4bbc16dfe462e70f8376f678831c') in 0.075383 seconds
  Import took 0.079746 seconds .

========================================================================
Received Import Request.
  Time since last request: 14.818531 seconds.
  path: Assets/Material/Coin.mat
  artifactKey: Guid(63c420cf5add3cc4bb746ce2a002b98d) Importer(815301076,1909f56bfc062723c751e8b465ee728b)
Start importing Assets/Material/Coin.mat using Guid(63c420cf5add3cc4bb746ce2a002b98d) Importer(815301076,1909f56bfc062723c751e8b465ee728b)  -> (artifact id: 'ea5b8b4abacd969e595bf49c735f93c8') in 0.068134 seconds
  Import took 0.072165 seconds .

========================================================================
Received Import Request.
  Time since last request: 174.119581 seconds.
  path: ProjectSettings/TagManager.asset
  artifactKey: Guid(00000000000000003000000000000000) Importer(815301076,1909f56bfc062723c751e8b465ee728b)
Start importing ProjectSettings/TagManager.asset using Guid(00000000000000003000000000000000) Importer(815301076,1909f56bfc062723c751e8b465ee728b)  -> (artifact id: '26d6d5004fcdbde7c2328ba416989c0f') in 0.019500 seconds
  Import took 0.023712 seconds .

========================================================================
Received Import Request.
  Time since last request: 58.570282 seconds.
  path: Assets/Scripts/GoldCatch.cs
  artifactKey: Guid(8a43811d29fd1e2418cac7fa6fb30bb0) Importer(815301076,1909f56bfc062723c751e8b465ee728b)
Start importing Assets/Scripts/GoldCatch.cs using Guid(8a43811d29fd1e2418cac7fa6fb30bb0) Importer(815301076,1909f56bfc062723c751e8b465ee728b)  -> (artifact id: 'c13a8a3a6a76c9148aebdc1709cb3bd7') in 0.015714 seconds
  Import took 0.019841 seconds .

========================================================================
Received Prepare
Registering precompiled user dll's ...
Registered in 0.001022 seconds.
Begin MonoManager ReloadAssembly
Native extension for WindowsStandalone target not found
Native extension for WebGL target not found
Refreshing native plugins compatible for Editor in 0.31 ms, found 0 plugins.
Preloading 0 native plugins for Editor in 0.00 ms.
Invoked RoslynAnalysisRunner static constructor.
RoslynAnalysisRunner will not be running.
RoslynAnalysisRunner has terminated.
Mono: successfully reloaded assembly
- Completed reload, in  1.367 seconds
Platform modules already initialized, skipping
Refreshing native plugins compatible for Editor in 0.54 ms, found 0 plugins.
Preloading 0 native plugins for Editor in 0.00 ms.
Unloading 1111 Unused Serialized files (Serialized files now loaded: 0)
System memory in use before: 60.7 MB.
System memory in use after: 60.8 MB.

Unloading 6 unused Assets to reduce memory usage. Loaded Objects now: 1636.
Total: 2.534300 ms (FindLiveObjects: 0.306300 ms CreateObjectMapping: 0.102100 ms MarkObjects: 2.042700 ms  DeleteObjects: 0.081100 ms)

========================================================================
Received Prepare
Registering precompiled user dll's ...
Registered in 0.001175 seconds.
Begin MonoManager ReloadAssembly
Native extension for WindowsStandalone target not found
Native extension for WebGL target not found
Refreshing native plugins compatible for Editor in 0.31 ms, found 0 plugins.
Preloading 0 native plugins for Editor in 0.00 ms.
Invoked RoslynAnalysisRunner static constructor.
RoslynAnalysisRunner will not be running.
RoslynAnalysisRunner has terminated.
Mono: successfully reloaded assembly
- Completed reload, in  1.291 seconds
Platform modules already initialized, skipping
Refreshing native plugins compatible for Editor in 0.30 ms, found 0 plugins.
Preloading 0 native plugins for Editor in 0.00 ms.
Unloading 1111 Unused Serialized files (Serialized files now loaded: 0)
System memory in use before: 60.7 MB.
System memory in use after: 60.8 MB.

Unloading 5 unused Assets to reduce memory usage. Loaded Objects now: 1639.
Total: 2.465500 ms (FindLiveObjects: 0.180200 ms CreateObjectMapping: 0.057000 ms MarkObjects: 2.153300 ms  DeleteObjects: 0.073200 ms)

========================================================================
Received Import Request.
  Time since last request: 132.810342 seconds.
  path: Assets/Scripts/GoldCatch.cs
  artifactKey: Guid(8a43811d29fd1e2418cac7fa6fb30bb0) Importer(815301076,1909f56bfc062723c751e8b465ee728b)
Start importing Assets/Scripts/GoldCatch.cs using Guid(8a43811d29fd1e2418cac7fa6fb30bb0) Importer(815301076,1909f56bfc062723c751e8b465ee728b)  -> (artifact id: '81e1f5e37a9d6774ab4c45ab70c7ad2c') in 0.007073 seconds
  Import took 0.010707 seconds .

========================================================================
Received Prepare
Registering precompiled user dll's ...
Registered in 0.000971 seconds.
Begin MonoManager ReloadAssembly
Native extension for WindowsStandalone target not found
Native extension for WebGL target not found
Refreshing native plugins compatible for Editor in 0.35 ms, found 0 plugins.
Preloading 0 native plugins for Editor in 0.00 ms.
Invoked RoslynAnalysisRunner static constructor.
RoslynAnalysisRunner will not be running.
RoslynAnalysisRunner has terminated.
Mono: successfully reloaded assembly
- Completed reload, in  1.359 seconds
Platform modules already initialized, skipping
Refreshing native plugins compatible for Editor in 0.31 ms, found 0 plugins.
Preloading 0 native plugins for Editor in 0.00 ms.
Unloading 1111 Unused Serialized files (Serialized files now loaded: 0)
System memory in use before: 60.7 MB.
System memory in use after: 60.8 MB.

Unloading 5 unused Assets to reduce memory usage. Loaded Objects now: 1642.
Total: 2.505600 ms (FindLiveObjects: 0.174600 ms CreateObjectMapping: 0.058500 ms MarkObjects: 2.180900 ms  DeleteObjects: 0.090300 ms)

========================================================================
Received Prepare
Registering precompiled user dll's ...
Registered in 0.001011 seconds.
Begin MonoManager ReloadAssembly
Native extension for WindowsStandalone target not found
Native extension for WebGL target not found
Refreshing native plugins compatible for Editor in 0.31 ms, found 0 plugins.
Preloading 0 native plugins for Editor in 0.00 ms.
Invoked RoslynAnalysisRunner static constructor.
RoslynAnalysisRunner will not be running.
RoslynAnalysisRunner has terminated.
Mono: successfully reloaded assembly
- Completed reload, in  1.203 seconds
Platform modules already initialized, skipping
Refreshing native plugins compatible for Editor in 0.30 ms, found 0 plugins.
Preloading 0 native plugins for Editor in 0.00 ms.
Unloading 1111 Unused Serialized files (Serialized files now loaded: 0)
System memory in use before: 60.7 MB.
System memory in use after: 60.8 MB.

Unloading 5 unused Assets to reduce memory usage. Loaded Objects now: 1645.
Total: 3.120600 ms (FindLiveObjects: 0.187500 ms CreateObjectMapping: 0.072300 ms MarkObjects: 2.782000 ms  DeleteObjects: 0.077100 ms)

========================================================================
Received Prepare
Registering precompiled user dll's ...
Registered in 0.001478 seconds.
Begin MonoManager ReloadAssembly
Native extension for WindowsStandalone target not found
Native extension for WebGL target not found
Refreshing native plugins compatible for Editor in 0.82 ms, found 0 plugins.
Preloading 0 native plugins for Editor in 0.00 ms.
Invoked RoslynAnalysisRunner static constructor.
RoslynAnalysisRunner will not be running.
RoslynAnalysisRunner has terminated.
Mono: successfully reloaded assembly
- Completed reload, in  1.666 seconds
Platform modules already initialized, skipping
Refreshing native plugins compatible for Editor in 0.34 ms, found 0 plugins.
Preloading 0 native plugins for Editor in 0.00 ms.
Unloading 1111 Unused Serialized files (Serialized files now loaded: 0)
System memory in use before: 60.7 MB.
System memory in use after: 60.8 MB.

Unloading 5 unused Assets to reduce memory usage. Loaded Objects now: 1648.
Total: 2.303000 ms (FindLiveObjects: 0.217600 ms CreateObjectMapping: 0.059200 ms MarkObjects: 1.945700 ms  DeleteObjects: 0.077800 ms)

========================================================================
Received Prepare
Registering precompiled user dll's ...
Registered in 0.001099 seconds.
Begin MonoManager ReloadAssembly
Native extension for WindowsStandalone target not found
Native extension for WebGL target not found
Refreshing native plugins compatible for Editor in 0.31 ms, found 0 plugins.
Preloading 0 native plugins for Editor in 0.00 ms.
Invoked RoslynAnalysisRunner static constructor.
RoslynAnalysisRunner will not be running.
RoslynAnalysisRunner has terminated.
Mono: successfully reloaded assembly
- Completed reload, in  1.391 seconds
Platform modules already initialized, skipping
Refreshing native plugins compatible for Editor in 0.30 ms, found 0 plugins.
Preloading 0 native plugins for Editor in 0.00 ms.
Unloading 1111 Unused Serialized files (Serialized files now loaded: 0)
System memory in use before: 60.8 MB.
System memory in use after: 60.8 MB.

Unloading 5 unused Assets to reduce memory usage. Loaded Objects now: 1651.
Total: 2.275200 ms (FindLiveObjects: 0.180800 ms CreateObjectMapping: 0.058100 ms MarkObjects: 1.964200 ms  DeleteObjects: 0.070900 ms)

========================================================================
Received Prepare
Registering precompiled user dll's ...
Registered in 0.001267 seconds.
Begin MonoManager ReloadAssembly
Native extension for WindowsStandalone target not found
Native extension for WebGL target not found
Refreshing native plugins compatible for Editor in 0.31 ms, found 0 plugins.
Preloading 0 native plugins for Editor in 0.00 ms.
Invoked RoslynAnalysisRunner static constructor.
RoslynAnalysisRunner will not be running.
RoslynAnalysisRunner has terminated.
Mono: successfully reloaded assembly
- Completed reload, in  1.436 seconds
Platform modules already initialized, skipping
Refreshing native plugins compatible for Editor in 0.40 ms, found 0 plugins.
Preloading 0 native plugins for Editor in 0.00 ms.
Unloading 1111 Unused Serialized files (Serialized files now loaded: 0)
System memory in use before: 60.8 MB.
System memory in use after: 60.8 MB.

Unloading 5 unused Assets to reduce memory usage. Loaded Objects now: 1654.
Total: 2.702500 ms (FindLiveObjects: 0.226900 ms CreateObjectMapping: 0.071900 ms MarkObjects: 2.321300 ms  DeleteObjects: 0.080300 ms)

========================================================================
Received Prepare
Registering precompiled user dll's ...
Registered in 0.000837 seconds.
Begin MonoManager ReloadAssembly
Native extension for WindowsStandalone target not found
Native extension for WebGL target not found
Refreshing native plugins compatible for Editor in 0.29 ms, found 0 plugins.
Preloading 0 native plugins for Editor in 0.00 ms.
Invoked RoslynAnalysisRunner static constructor.
RoslynAnalysisRunner will not be running.
RoslynAnalysisRunner has terminated.
Mono: successfully reloaded assembly
- Completed reload, in  1.010 seconds
Platform modules already initialized, skipping
Refreshing native plugins compatible for Editor in 0.34 ms, found 0 plugins.
Preloading 0 native plugins for Editor in 0.00 ms.
Unloading 1111 Unused Serialized files (Serialized files now loaded: 0)
System memory in use before: 60.8 MB.
System memory in use after: 60.9 MB.

Unloading 5 unused Assets to reduce memory usage. Loaded Objects now: 1657.
Total: 3.297700 ms (FindLiveObjects: 0.192500 ms CreateObjectMapping: 0.134000 ms MarkObjects: 2.898400 ms  DeleteObjects: 0.071500 ms)

========================================================================
Received Prepare
Registering precompiled user dll's ...
Registered in 0.001297 seconds.
Begin MonoManager ReloadAssembly
Native extension for WindowsStandalone target not found
Native extension for WebGL target not found
Refreshing native plugins compatible for Editor in 0.42 ms, found 0 plugins.
Preloading 0 native plugins for Editor in 0.00 ms.
Invoked RoslynAnalysisRunner static constructor.
RoslynAnalysisRunner will not be running.
RoslynAnalysisRunner has terminated.
Mono: successfully reloaded assembly
- Completed reload, in  1.214 seconds
Platform modules already initialized, skipping
Refreshing native plugins compatible for Editor in 0.27 ms, found 0 plugins.
Preloading 0 native plugins for Editor in 0.00 ms.
Unloading 1111 Unused Serialized files (Serialized files now loaded: 0)
System memory in use before: 60.8 MB.
System memory in use after: 60.9 MB.

Unloading 5 unused Assets to reduce memory usage. Loaded Objects now: 1660.
Total: 4.096200 ms (FindLiveObjects: 0.374900 ms CreateObjectMapping: 0.096500 ms MarkObjects: 3.525500 ms  DeleteObjects: 0.096700 ms)

========================================================================
Received Prepare
Registering precompiled user dll's ...
Registered in 0.000776 seconds.
Begin MonoManager ReloadAssembly
Native extension for WindowsStandalone target not found
Native extension for WebGL target not found
Refreshing native plugins compatible for Editor in 0.31 ms, found 0 plugins.
Preloading 0 native plugins for Editor in 0.00 ms.
Invoked RoslynAnalysisRunner static constructor.
RoslynAnalysisRunner will not be running.
RoslynAnalysisRunner has terminated.
Mono: successfully reloaded assembly
- Completed reload, in  1.005 seconds
Platform modules already initialized, skipping
Refreshing native plugins compatible for Editor in 0.31 ms, found 0 plugins.
Preloading 0 native plugins for Editor in 0.00 ms.
Unloading 1111 Unused Serialized files (Serialized files now loaded: 0)
System memory in use before: 60.8 MB.
System memory in use after: 60.9 MB.

Unloading 5 unused Assets to reduce memory usage. Loaded Objects now: 1663.
Total: 2.712300 ms (FindLiveObjects: 0.195600 ms CreateObjectMapping: 0.078700 ms MarkObjects: 2.357200 ms  DeleteObjects: 0.079300 ms)

========================================================================
Received Import Request.
  Time since last request: 877.133138 seconds.
  path: Assets/Scenes/Scene2.unity
  artifactKey: Guid(1a601826f0e0bc640a7264d84b75bb09) Importer(815301076,1909f56bfc062723c751e8b465ee728b)
Start importing Assets/Scenes/Scene2.unity using Guid(1a601826f0e0bc640a7264d84b75bb09) Importer(815301076,1909f56bfc062723c751e8b465ee728b)  -> (artifact id: 'fe3e928dae3c7532c239c4d452e98216') in 0.017991 seconds
  Import took 0.021475 seconds .

========================================================================
Received Import Request.
  Time since last request: 13.054457 seconds.
  path: Assets/Material/Coin.mat
  artifactKey: Guid(63c420cf5add3cc4bb746ce2a002b98d) Importer(815301076,1909f56bfc062723c751e8b465ee728b)
Start importing Assets/Material/Coin.mat using Guid(63c420cf5add3cc4bb746ce2a002b98d) Importer(815301076,1909f56bfc062723c751e8b465ee728b)  -> (artifact id: 'de7892ab39d1e9c5cad1e531a89a3779') in 0.094921 seconds
  Import took 0.098464 seconds .

========================================================================
Received Prepare
Registering precompiled user dll's ...
Registered in 0.000780 seconds.
Begin MonoManager ReloadAssembly
Native extension for WindowsStandalone target not found
Native extension for WebGL target not found
Refreshing native plugins compatible for Editor in 0.29 ms, found 0 plugins.
Preloading 0 native plugins for Editor in 0.00 ms.
Invoked RoslynAnalysisRunner static constructor.
RoslynAnalysisRunner will not be running.
RoslynAnalysisRunner has terminated.
Mono: successfully reloaded assembly
- Completed reload, in  0.982 seconds
Platform modules already initialized, skipping
Refreshing native plugins compatible for Editor in 0.30 ms, found 0 plugins.
Preloading 0 native plugins for Editor in 0.00 ms.
Unloading 1111 Unused Serialized files (Serialized files now loaded: 0)
System memory in use before: 60.8 MB.
System memory in use after: 60.9 MB.

Unloading 5 unused Assets to reduce memory usage. Loaded Objects now: 1667.
Total: 1.981900 ms (FindLiveObjects: 0.166900 ms CreateObjectMapping: 0.051300 ms MarkObjects: 1.685200 ms  DeleteObjects: 0.077000 ms)

========================================================================
Received Import Request.
  Time since last request: 2424.519073 seconds.
  path: Assets/Prefarb/Cylinder.prefab
  artifactKey: Guid(3e1343f90026f4148831f9b9d3502ced) Importer(815301076,1909f56bfc062723c751e8b465ee728b)
Start importing Assets/Prefarb/Cylinder.prefab using Guid(3e1343f90026f4148831f9b9d3502ced) Importer(815301076,1909f56bfc062723c751e8b465ee728b)  -> (artifact id: '530c9ec8f0e3ae90114d74cdb8e35847') in 0.106143 seconds
  Import took 0.109364 seconds .

========================================================================
Received Prepare
Registering precompiled user dll's ...
Registered in 0.001290 seconds.
Begin MonoManager ReloadAssembly
Native extension for WindowsStandalone target not found
Native extension for WebGL target not found
Refreshing native plugins compatible for Editor in 0.31 ms, found 0 plugins.
Preloading 0 native plugins for Editor in 0.00 ms.
Invoked RoslynAnalysisRunner static constructor.
RoslynAnalysisRunner will not be running.
RoslynAnalysisRunner has terminated.
Mono: successfully reloaded assembly
- Completed reload, in  1.013 seconds
Platform modules already initialized, skipping
Refreshing native plugins compatible for Editor in 0.30 ms, found 0 plugins.
Preloading 0 native plugins for Editor in 0.00 ms.
Unloading 1111 Unused Serialized files (Serialized files now loaded: 0)
System memory in use before: 60.9 MB.
System memory in use after: 60.9 MB.

Unloading 5 unused Assets to reduce memory usage. Loaded Objects now: 1672.
Total: 2.563500 ms (FindLiveObjects: 0.208200 ms CreateObjectMapping: 0.056700 ms MarkObjects: 2.211100 ms  DeleteObjects: 0.086300 ms)

========================================================================
Received Import Request.
  Time since last request: 141.420783 seconds.
  path: Assets/Scripts/Pause.cs
  artifactKey: Guid(8db59c2319acb624ebc74167727f7885) Importer(815301076,1909f56bfc062723c751e8b465ee728b)
Start importing Assets/Scripts/Pause.cs using Guid(8db59c2319acb624ebc74167727f7885) Importer(815301076,1909f56bfc062723c751e8b465ee728b)  -> (artifact id: 'ae189ee149966b70878d01dec5a74de2') in 0.015796 seconds
  Import took 0.020319 seconds .

========================================================================
Received Prepare
Registering precompiled user dll's ...
Registered in 0.001610 seconds.
Begin MonoManager ReloadAssembly
Native extension for WindowsStandalone target not found
Native extension for WebGL target not found
Refreshing native plugins compatible for Editor in 0.50 ms, found 0 plugins.
Preloading 0 native plugins for Editor in 0.00 ms.
Invoked RoslynAnalysisRunner static constructor.
RoslynAnalysisRunner will not be running.
RoslynAnalysisRunner has terminated.
Mono: successfully reloaded assembly
- Completed reload, in  1.015 seconds
Platform modules already initialized, skipping
Refreshing native plugins compatible for Editor in 0.30 ms, found 0 plugins.
Preloading 0 native plugins for Editor in 0.00 ms.
Unloading 1112 Unused Serialized files (Serialized files now loaded: 0)
System memory in use before: 60.9 MB.
System memory in use after: 61.0 MB.

Unloading 5 unused Assets to reduce memory usage. Loaded Objects now: 1676.
Total: 2.462900 ms (FindLiveObjects: 0.224300 ms CreateObjectMapping: 0.063700 ms MarkObjects: 2.094900 ms  DeleteObjects: 0.078600 ms)

========================================================================
Received Prepare
Registering precompiled user dll's ...
Registered in 0.000837 seconds.
Begin MonoManager ReloadAssembly
Native extension for WindowsStandalone target not found
Native extension for WebGL target not found
Refreshing native plugins compatible for Editor in 0.31 ms, found 0 plugins.
Preloading 0 native plugins for Editor in 0.00 ms.
Invoked RoslynAnalysisRunner static constructor.
RoslynAnalysisRunner will not be running.
RoslynAnalysisRunner has terminated.
Mono: successfully reloaded assembly
- Completed reload, in  1.158 seconds
Platform modules already initialized, skipping
Refreshing native plugins compatible for Editor in 0.27 ms, found 0 plugins.
Preloading 0 native plugins for Editor in 0.00 ms.
Unloading 1112 Unused Serialized files (Serialized files now loaded: 0)
System memory in use before: 60.9 MB.
System memory in use after: 61.0 MB.

Unloading 5 unused Assets to reduce memory usage. Loaded Objects now: 1679.
Total: 1.946800 ms (FindLiveObjects: 0.175600 ms CreateObjectMapping: 0.050700 ms MarkObjects: 1.637600 ms  DeleteObjects: 0.081800 ms)

========================================================================
Received Import Request.
  Time since last request: 31.184743 seconds.
  path: Assets/Scripts/Pause.cs
  artifactKey: Guid(8db59c2319acb624ebc74167727f7885) Importer(815301076,1909f56bfc062723c751e8b465ee728b)
Start importing Assets/Scripts/Pause.cs using Guid(8db59c2319acb624ebc74167727f7885) Importer(815301076,1909f56bfc062723c751e8b465ee728b)  -> (artifact id: '34a40ada31ad9939445b3e6aefdb3bc7') in 0.006410 seconds
  Import took 0.008940 seconds .

========================================================================
Received Prepare
Registering precompiled user dll's ...
Registered in 0.000818 seconds.
Begin MonoManager ReloadAssembly
Native extension for WindowsStandalone target not found
Native extension for WebGL target not found
Refreshing native plugins compatible for Editor in 0.45 ms, found 0 plugins.
Preloading 0 native plugins for Editor in 0.00 ms.
Invoked RoslynAnalysisRunner static constructor.
RoslynAnalysisRunner will not be running.
RoslynAnalysisRunner has terminated.
Mono: successfully reloaded assembly
- Completed reload, in  0.962 seconds
Platform modules already initialized, skipping
Refreshing native plugins compatible for Editor in 0.33 ms, found 0 plugins.
Preloading 0 native plugins for Editor in 0.00 ms.
Unloading 1112 Unused Serialized files (Serialized files now loaded: 0)
System memory in use before: 60.9 MB.
System memory in use after: 61.0 MB.

Unloading 5 unused Assets to reduce memory usage. Loaded Objects now: 1682.
Total: 2.371100 ms (FindLiveObjects: 0.176600 ms CreateObjectMapping: 0.058600 ms MarkObjects: 2.076100 ms  DeleteObjects: 0.058400 ms)

========================================================================
Received Import Request.
  Time since last request: 155.811831 seconds.
  path: Assets/Scripts/Pause.cs
  artifactKey: Guid(8db59c2319acb624ebc74167727f7885) Importer(815301076,1909f56bfc062723c751e8b465ee728b)
Start importing Assets/Scripts/Pause.cs using Guid(8db59c2319acb624ebc74167727f7885) Importer(815301076,1909f56bfc062723c751e8b465ee728b)  -> (artifact id: '6a985dfee9f6687d5e7d38cee2ea43d3') in 0.006546 seconds
  Import took 0.010553 seconds .

========================================================================
Received Prepare
Registering precompiled user dll's ...
Registered in 0.000830 seconds.
Begin MonoManager ReloadAssembly
Native extension for WindowsStandalone target not found
Native extension for WebGL target not found
Refreshing native plugins compatible for Editor in 0.25 ms, found 0 plugins.
Preloading 0 native plugins for Editor in 0.00 ms.
Invoked RoslynAnalysisRunner static constructor.
RoslynAnalysisRunner will not be running.
RoslynAnalysisRunner has terminated.
Mono: successfully reloaded assembly
- Completed reload, in  0.921 seconds
Platform modules already initialized, skipping
Refreshing native plugins compatible for Editor in 0.32 ms, found 0 plugins.
Preloading 0 native plugins for Editor in 0.00 ms.
Unloading 1112 Unused Serialized files (Serialized files now loaded: 0)
System memory in use before: 60.9 MB.
System memory in use after: 61.0 MB.

Unloading 5 unused Assets to reduce memory usage. Loaded Objects now: 1685.
Total: 2.401300 ms (FindLiveObjects: 0.274200 ms CreateObjectMapping: 0.087800 ms MarkObjects: 1.969900 ms  DeleteObjects: 0.067400 ms)

========================================================================
Received Prepare
Registering precompiled user dll's ...
Registered in 0.001239 seconds.
Begin MonoManager ReloadAssembly
Native extension for WindowsStandalone target not found
Native extension for WebGL target not found
Refreshing native plugins compatible for Editor in 0.31 ms, found 0 plugins.
Preloading 0 native plugins for Editor in 0.00 ms.
Invoked RoslynAnalysisRunner static constructor.
RoslynAnalysisRunner will not be running.
RoslynAnalysisRunner has terminated.
Mono: successfully reloaded assembly
- Completed reload, in  1.180 seconds
Platform modules already initialized, skipping
Refreshing native plugins compatible for Editor in 0.27 ms, found 0 plugins.
Preloading 0 native plugins for Editor in 0.00 ms.
Unloading 1112 Unused Serialized files (Serialized files now loaded: 0)
System memory in use before: 60.9 MB.
System memory in use after: 61.0 MB.

Unloading 5 unused Assets to reduce memory usage. Loaded Objects now: 1688.
Total: 1.918400 ms (FindLiveObjects: 0.167700 ms CreateObjectMapping: 0.047700 ms MarkObjects: 1.642300 ms  DeleteObjects: 0.059400 ms)

========================================================================
Received Prepare
Registering precompiled user dll's ...
Registered in 0.000807 seconds.
Begin MonoManager ReloadAssembly
Native extension for WindowsStandalone target not found
Native extension for WebGL target not found
Refreshing native plugins compatible for Editor in 0.25 ms, found 0 plugins.
Preloading 0 native plugins for Editor in 0.00 ms.
Invoked RoslynAnalysisRunner static constructor.
RoslynAnalysisRunner will not be running.
RoslynAnalysisRunner has terminated.
Mono: successfully reloaded assembly
- Completed reload, in  0.905 seconds
Platform modules already initialized, skipping
Refreshing native plugins compatible for Editor in 0.61 ms, found 0 plugins.
Preloading 0 native plugins for Editor in 0.00 ms.
Unloading 1112 Unused Serialized files (Serialized files now loaded: 0)
System memory in use before: 60.9 MB.
System memory in use after: 61.0 MB.

Unloading 5 unused Assets to reduce memory usage. Loaded Objects now: 1691.
Total: 2.157300 ms (FindLiveObjects: 0.186400 ms CreateObjectMapping: 0.059000 ms MarkObjects: 1.842700 ms  DeleteObjects: 0.068200 ms)

========================================================================
Received Prepare
Registering precompiled user dll's ...
Registered in 0.000771 seconds.
Begin MonoManager ReloadAssembly
Native extension for WindowsStandalone target not found
Native extension for WebGL target not found
Refreshing native plugins compatible for Editor in 0.28 ms, found 0 plugins.
Preloading 0 native plugins for Editor in 0.00 ms.
Invoked RoslynAnalysisRunner static constructor.
RoslynAnalysisRunner will not be running.
RoslynAnalysisRunner has terminated.
Mono: successfully reloaded assembly
- Completed reload, in  0.987 seconds
Platform modules already initialized, skipping
Refreshing native plugins compatible for Editor in 0.29 ms, found 0 plugins.
Preloading 0 native plugins for Editor in 0.00 ms.
Unloading 1112 Unused Serialized files (Serialized files now loaded: 0)
System memory in use before: 60.9 MB.
System memory in use after: 61.0 MB.

Unloading 5 unused Assets to reduce memory usage. Loaded Objects now: 1694.
Total: 2.332400 ms (FindLiveObjects: 0.225100 ms CreateObjectMapping: 0.052100 ms MarkObjects: 1.990900 ms  DeleteObjects: 0.062100 ms)

========================================================================
Received Prepare
Registering precompiled user dll's ...
Registered in 0.000965 seconds.
Begin MonoManager ReloadAssembly
Native extension for WindowsStandalone target not found
Native extension for WebGL target not found
Refreshing native plugins compatible for Editor in 0.27 ms, found 0 plugins.
Preloading 0 native plugins for Editor in 0.00 ms.
Invoked RoslynAnalysisRunner static constructor.
RoslynAnalysisRunner will not be running.
RoslynAnalysisRunner has terminated.
Mono: successfully reloaded assembly
- Completed reload, in  1.247 seconds
Platform modules already initialized, skipping
Refreshing native plugins compatible for Editor in 0.30 ms, found 0 plugins.
Preloading 0 native plugins for Editor in 0.00 ms.
Unloading 1112 Unused Serialized files (Serialized files now loaded: 0)
System memory in use before: 60.9 MB.
System memory in use after: 61.0 MB.

Unloading 5 unused Assets to reduce memory usage. Loaded Objects now: 1697.
Total: 2.438900 ms (FindLiveObjects: 0.234400 ms CreateObjectMapping: 0.056000 ms MarkObjects: 2.081000 ms  DeleteObjects: 0.065300 ms)

========================================================================
Received Import Request.
  Time since last request: 923.874497 seconds.
  path: Assets/Scripts/GoldCatch.cs
  artifactKey: Guid(8a43811d29fd1e2418cac7fa6fb30bb0) Importer(815301076,1909f56bfc062723c751e8b465ee728b)
Start importing Assets/Scripts/GoldCatch.cs using Guid(8a43811d29fd1e2418cac7fa6fb30bb0) Importer(815301076,1909f56bfc062723c751e8b465ee728b)  -> (artifact id: 'abd0bd3d7f563e4d064a122b7a48c04e') in 0.009409 seconds
  Import took 0.013036 seconds .

========================================================================
Received Prepare
Registering precompiled user dll's ...
Registered in 0.000811 seconds.
Begin MonoManager ReloadAssembly
Native extension for WindowsStandalone target not found
Native extension for WebGL target not found
Refreshing native plugins compatible for Editor in 0.25 ms, found 0 plugins.
Preloading 0 native plugins for Editor in 0.00 ms.
Invoked RoslynAnalysisRunner static constructor.
RoslynAnalysisRunner will not be running.
RoslynAnalysisRunner has terminated.
Mono: successfully reloaded assembly
- Completed reload, in  0.992 seconds
Platform modules already initialized, skipping
Refreshing native plugins compatible for Editor in 0.31 ms, found 0 plugins.
Preloading 0 native plugins for Editor in 0.00 ms.
Unloading 1112 Unused Serialized files (Serialized files now loaded: 0)
System memory in use before: 61.0 MB.
System memory in use after: 61.0 MB.

Unloading 5 unused Assets to reduce memory usage. Loaded Objects now: 1700.
Total: 2.449900 ms (FindLiveObjects: 0.217600 ms CreateObjectMapping: 0.057800 ms MarkObjects: 2.082300 ms  DeleteObjects: 0.090700 ms)

========================================================================
Received Import Request.
  Time since last request: 119.951425 seconds.
  path: Assets/Scripts/GoldCatch.cs
  artifactKey: Guid(8a43811d29fd1e2418cac7fa6fb30bb0) Importer(815301076,1909f56bfc062723c751e8b465ee728b)
Start importing Assets/Scripts/GoldCatch.cs using Guid(8a43811d29fd1e2418cac7fa6fb30bb0) Importer(815301076,1909f56bfc062723c751e8b465ee728b)  -> (artifact id: '877eab5ff50264dce01e602f25b064e3') in 0.006651 seconds
  Import took 0.011163 seconds .

========================================================================
Received Prepare
Registering precompiled user dll's ...
Registered in 0.000793 seconds.
Begin MonoManager ReloadAssembly
Native extension for WindowsStandalone target not found
Native extension for WebGL target not found
Refreshing native plugins compatible for Editor in 0.25 ms, found 0 plugins.
Preloading 0 native plugins for Editor in 0.00 ms.
Invoked RoslynAnalysisRunner static constructor.
RoslynAnalysisRunner will not be running.
RoslynAnalysisRunner has terminated.
Mono: successfully reloaded assembly
- Completed reload, in  0.959 seconds
Platform modules already initialized, skipping
Refreshing native plugins compatible for Editor in 0.30 ms, found 0 plugins.
Preloading 0 native plugins for Editor in 0.00 ms.
Unloading 1112 Unused Serialized files (Serialized files now loaded: 0)
System memory in use before: 61.0 MB.
System memory in use after: 61.0 MB.

Unloading 5 unused Assets to reduce memory usage. Loaded Objects now: 1703.
Total: 2.598700 ms (FindLiveObjects: 0.294200 ms CreateObjectMapping: 0.103800 ms MarkObjects: 2.127100 ms  DeleteObjects: 0.072400 ms)

========================================================================
Received Import Request.
  Time since last request: 64.407402 seconds.
  path: Assets/Scripts/GoldCatch.cs
  artifactKey: Guid(8a43811d29fd1e2418cac7fa6fb30bb0) Importer(815301076,1909f56bfc062723c751e8b465ee728b)
Start importing Assets/Scripts/GoldCatch.cs using Guid(8a43811d29fd1e2418cac7fa6fb30bb0) Importer(815301076,1909f56bfc062723c751e8b465ee728b)  -> (artifact id: '2c667642d8507ed1c4e09acda68911d3') in 0.007129 seconds
  Import took 0.009948 seconds .

========================================================================
Received Prepare
Registering precompiled user dll's ...
Registered in 0.000798 seconds.
Begin MonoManager ReloadAssembly
Native extension for WindowsStandalone target not found
Native extension for WebGL target not found
Refreshing native plugins compatible for Editor in 0.29 ms, found 0 plugins.
Preloading 0 native plugins for Editor in 0.00 ms.
Invoked RoslynAnalysisRunner static constructor.
RoslynAnalysisRunner will not be running.
RoslynAnalysisRunner has terminated.
Mono: successfully reloaded assembly
- Completed reload, in  0.922 seconds
Platform modules already initialized, skipping
Refreshing native plugins compatible for Editor in 0.30 ms, found 0 plugins.
Preloading 0 native plugins for Editor in 0.00 ms.
Unloading 1112 Unused Serialized files (Serialized files now loaded: 0)
System memory in use before: 61.0 MB.
System memory in use after: 61.0 MB.

Unloading 5 unused Assets to reduce memory usage. Loaded Objects now: 1706.
Total: 2.401400 ms (FindLiveObjects: 0.371600 ms CreateObjectMapping: 0.065400 ms MarkObjects: 1.897200 ms  DeleteObjects: 0.065400 ms)

========================================================================
Received Import Request.
  Time since last request: 229.147303 seconds.
  path: Assets/Scenes/Scene2.unity
  artifactKey: Guid(1a601826f0e0bc640a7264d84b75bb09) Importer(815301076,1909f56bfc062723c751e8b465ee728b)
Start importing Assets/Scenes/Scene2.unity using Guid(1a601826f0e0bc640a7264d84b75bb09) Importer(815301076,1909f56bfc062723c751e8b465ee728b)  -> (artifact id: '01b4c007eaaede88ca1c75086aad9af2') in 0.026171 seconds
  Import took 0.030912 seconds .

========================================================================
Received Prepare
Registering precompiled user dll's ...
Registered in 0.001376 seconds.
Begin MonoManager ReloadAssembly
Native extension for WindowsStandalone target not found
Native extension for WebGL target not found
Refreshing native plugins compatible for Editor in 0.37 ms, found 0 plugins.
Preloading 0 native plugins for Editor in 0.00 ms.
Invoked RoslynAnalysisRunner static constructor.
RoslynAnalysisRunner will not be running.
RoslynAnalysisRunner has terminated.
Mono: successfully reloaded assembly
- Completed reload, in  1.224 seconds
Platform modules already initialized, skipping
Refreshing native plugins compatible for Editor in 0.76 ms, found 0 plugins.
Preloading 0 native plugins for Editor in 0.00 ms.
Unloading 1112 Unused Serialized files (Serialized files now loaded: 0)
System memory in use before: 61.0 MB.
System memory in use after: 61.1 MB.

Unloading 5 unused Assets to reduce memory usage. Loaded Objects now: 1709.
Total: 3.871500 ms (FindLiveObjects: 0.280300 ms CreateObjectMapping: 0.102900 ms MarkObjects: 3.367300 ms  DeleteObjects: 0.118000 ms)

========================================================================
Received Prepare
Registering precompiled user dll's ...
Registered in 0.000941 seconds.
Begin MonoManager ReloadAssembly
Native extension for WindowsStandalone target not found
Native extension for WebGL target not found
Refreshing native plugins compatible for Editor in 0.31 ms, found 0 plugins.
Preloading 0 native plugins for Editor in 0.00 ms.
Invoked RoslynAnalysisRunner static constructor.
RoslynAnalysisRunner will not be running.
RoslynAnalysisRunner has terminated.
Mono: successfully reloaded assembly
- Completed reload, in  1.273 seconds
Platform modules already initialized, skipping
Refreshing native plugins compatible for Editor in 0.40 ms, found 0 plugins.
Preloading 0 native plugins for Editor in 0.00 ms.
Unloading 1112 Unused Serialized files (Serialized files now loaded: 0)
System memory in use before: 61.0 MB.
System memory in use after: 61.1 MB.

Unloading 5 unused Assets to reduce memory usage. Loaded Objects now: 1712.
Total: 2.959900 ms (FindLiveObjects: 0.176900 ms CreateObjectMapping: 0.049800 ms MarkObjects: 2.667900 ms  DeleteObjects: 0.064100 ms)

========================================================================
Received Prepare
Registering precompiled user dll's ...
Registered in 0.001021 seconds.
Begin MonoManager ReloadAssembly
Native extension for WindowsStandalone target not found
Native extension for WebGL target not found
Refreshing native plugins compatible for Editor in 0.26 ms, found 0 plugins.
Preloading 0 native plugins for Editor in 0.00 ms.
Invoked RoslynAnalysisRunner static constructor.
RoslynAnalysisRunner will not be running.
RoslynAnalysisRunner has terminated.
Mono: successfully reloaded assembly
- Completed reload, in  0.966 seconds
Platform modules already initialized, skipping
Refreshing native plugins compatible for Editor in 0.31 ms, found 0 plugins.
Preloading 0 native plugins for Editor in 0.00 ms.
Unloading 1112 Unused Serialized files (Serialized files now loaded: 0)
System memory in use before: 61.0 MB.
System memory in use after: 61.1 MB.

Unloading 5 unused Assets to reduce memory usage. Loaded Objects now: 1715.
Total: 2.383500 ms (FindLiveObjects: 0.311400 ms CreateObjectMapping: 0.113700 ms MarkObjects: 1.865900 ms  DeleteObjects: 0.091400 ms)

========================================================================
Received Prepare
Registering precompiled user dll's ...
Registered in 0.000826 seconds.
Begin MonoManager ReloadAssembly
Native extension for WindowsStandalone target not found
Native extension for WebGL target not found
Refreshing native plugins compatible for Editor in 0.28 ms, found 0 plugins.
Preloading 0 native plugins for Editor in 0.00 ms.
Invoked RoslynAnalysisRunner static constructor.
RoslynAnalysisRunner will not be running.
RoslynAnalysisRunner has terminated.
Mono: successfully reloaded assembly
- Completed reload, in  1.004 seconds
Platform modules already initialized, skipping
Refreshing native plugins compatible for Editor in 0.30 ms, found 0 plugins.
Preloading 0 native plugins for Editor in 0.00 ms.
Unloading 1112 Unused Serialized files (Serialized files now loaded: 0)
System memory in use before: 61.0 MB.
System memory in use after: 61.1 MB.

Unloading 5 unused Assets to reduce memory usage. Loaded Objects now: 1718.
Total: 2.463600 ms (FindLiveObjects: 0.193900 ms CreateObjectMapping: 0.055500 ms MarkObjects: 2.131200 ms  DeleteObjects: 0.080800 ms)

========================================================================
Received Prepare
Registering precompiled user dll's ...
Registered in 0.000762 seconds.
Begin MonoManager ReloadAssembly
Native extension for WindowsStandalone target not found
Native extension for WebGL target not found
Refreshing native plugins compatible for Editor in 0.32 ms, found 0 plugins.
Preloading 0 native plugins for Editor in 0.00 ms.
Invoked RoslynAnalysisRunner static constructor.
RoslynAnalysisRunner will not be running.
RoslynAnalysisRunner has terminated.
Mono: successfully reloaded assembly
- Completed reload, in  1.066 seconds
Platform modules already initialized, skipping
Refreshing native plugins compatible for Editor in 0.26 ms, found 0 plugins.
Preloading 0 native plugins for Editor in 0.00 ms.
Unloading 1112 Unused Serialized files (Serialized files now loaded: 0)
System memory in use before: 61.0 MB.
System memory in use after: 61.1 MB.

Unloading 5 unused Assets to reduce memory usage. Loaded Objects now: 1721.
Total: 6.406100 ms (FindLiveObjects: 0.788000 ms CreateObjectMapping: 0.169500 ms MarkObjects: 5.348300 ms  DeleteObjects: 0.097800 ms)

AssetImportWorkerClient::OnTransportError - code=2 error=End of file
